<?xml version="1.0" encoding="UTF-8"?>
<!-- Generated by org.testng.reporters.JUnitXMLReporter -->
<testsuite ignored="0" hostname="DESKTOP-K0CH7S3" failures="0" tests="5" name="Default test" time="21.175" errors="0" timestamp="04 Oct 2023 14:03:54 GMT">
  <testcase classname="CicdSelenium.Selenium" name="T1_Launch" time="6.308"/>
  <testcase classname="CicdSelenium.Selenium" name="T2_Login" time="3.018"/>
  <testcase classname="CicdSelenium.Selenium" name="T3_LandingPage" time="3.019"/>
  <testcase classname="CicdSelenium.Selenium" name="T4_MainTransaction" time="3.013"/>
  <testcase classname="CicdSelenium.Selenium" name="T5_Logout" time="3.025"/>
</testsuite> <!-- Default test -->
