<?xml version="1.0" encoding="UTF-8"?>
<testng-results ignored="0" total="5" passed="5" failed="0" skipped="0">
  <reporter-output>
  </reporter-output>
  <suite started-at="2023-10-04T14:03:33Z" name="Default suite" finished-at="2023-10-04T14:03:54Z" duration-ms="21175">
    <groups>
    </groups>
    <test started-at="2023-10-04T14:03:33Z" name="Default test" finished-at="2023-10-04T14:03:54Z" duration-ms="21175">
      <class name="CicdSelenium.Selenium">
        <test-method is-config="true" signature="setUp()[pri:0, instance:CicdSelenium.Selenium@4c60d6e9]" started-at="2023-10-04T14:03:33Z" name="setUp" finished-at="2023-10-04T14:03:36Z" duration-ms="2391" status="PASS">
          <reporter-output>
          </reporter-output>
        </test-method> <!-- setUp -->
        <test-method signature="T1_Launch()[pri:0, instance:CicdSelenium.Selenium@4c60d6e9]" started-at="2023-10-04T14:03:36Z" name="T1_Launch" finished-at="2023-10-04T14:03:42Z" duration-ms="6308" status="PASS">
          <reporter-output>
          </reporter-output>
        </test-method> <!-- T1_Launch -->
        <test-method signature="T2_Login()[pri:0, instance:CicdSelenium.Selenium@4c60d6e9]" started-at="2023-10-04T14:03:42Z" name="T2_Login" finished-at="2023-10-04T14:03:45Z" duration-ms="3018" status="PASS">
          <reporter-output>
          </reporter-output>
        </test-method> <!-- T2_Login -->
        <test-method signature="T3_LandingPage()[pri:0, instance:CicdSelenium.Selenium@4c60d6e9]" started-at="2023-10-04T14:03:45Z" name="T3_LandingPage" finished-at="2023-10-04T14:03:48Z" duration-ms="3019" status="PASS">
          <reporter-output>
          </reporter-output>
        </test-method> <!-- T3_LandingPage -->
        <test-method signature="T4_MainTransaction()[pri:0, instance:CicdSelenium.Selenium@4c60d6e9]" started-at="2023-10-04T14:03:48Z" name="T4_MainTransaction" finished-at="2023-10-04T14:03:51Z" duration-ms="3013" status="PASS">
          <reporter-output>
          </reporter-output>
        </test-method> <!-- T4_MainTransaction -->
        <test-method signature="T5_Logout()[pri:0, instance:CicdSelenium.Selenium@4c60d6e9]" started-at="2023-10-04T14:03:51Z" name="T5_Logout" finished-at="2023-10-04T14:03:54Z" duration-ms="3025" status="PASS">
          <reporter-output>
          </reporter-output>
        </test-method> <!-- T5_Logout -->
        <test-method is-config="true" signature="tearDown()[pri:0, instance:CicdSelenium.Selenium@4c60d6e9]" started-at="2023-10-04T14:03:54Z" name="tearDown" finished-at="2023-10-04T14:03:54Z" duration-ms="323" status="PASS">
          <reporter-output>
          </reporter-output>
        </test-method> <!-- tearDown -->
      </class> <!-- CicdSelenium.Selenium -->
    </test> <!-- Default test -->
  </suite> <!-- Default suite -->
</testng-results>
